<?xml version="1.0" encoding="UTF-8"?>
<!-- Generated by org.testng.reporters.JUnitReportReporter -->
<testsuite hostname="Central-PC" name="com.example.tests.AlsoGroupCreationTests" tests="2" failures="0" timestamp="18 Feb 2015 07:47:55 GMT" time="2.859" errors="0">
  <testcase name="testEmptyGroupCreation" time="1.421" classname="com.example.tests.AlsoGroupCreationTests"/>
  <testcase name="testNonEmptyGroupCreation" time="1.438" classname="com.example.tests.AlsoGroupCreationTests"/>
</testsuite> <!-- com.example.tests.AlsoGroupCreationTests -->
