<?xml version="1.0" encoding="UTF-8"?>
<!-- Generated by org.testng.reporters.JUnitReportReporter -->
<testsuite hostname="Central-PC" name="com.example.tests.GroupCreationTests" tests="2" failures="0" timestamp="18 Feb 2015 07:47:55 GMT" time="3.297" errors="0">
  <testcase name="testNonEmptyGroupCreation" time="1.563" classname="com.example.tests.GroupCreationTests"/>
  <testcase name="testEmptyGroupCreation" time="1.734" classname="com.example.tests.GroupCreationTests"/>
</testsuite> <!-- com.example.tests.GroupCreationTests -->
