<?xml version="1.0" encoding="UTF-8"?>
<!-- Generated by org.testng.reporters.JUnitReportReporter -->
<testsuite hostname="Central-PC" name="com.example.tests.AlsoGroupCreationTests" tests="2" failures="0" timestamp="20 Feb 2015 00:09:52 GMT" time="2.968" errors="0">
  <testcase name="testEmptyGroupCreation" time="1.484" classname="com.example.tests.AlsoGroupCreationTests"/>
  <testcase name="testNonEmptyGroupCreation" time="1.484" classname="com.example.tests.AlsoGroupCreationTests"/>
</testsuite> <!-- com.example.tests.AlsoGroupCreationTests -->
